[Licensing::Module] Trying to connect to existing licensing client channel...
Built from '6000.3/staging' branch; Version is '6000.3.8f1 (1c7db571dde0) revision 1867189'; Using compiler version '194234433'; Build Type 'Release'
OS: 'Windows 11  (10.0.26200) Core' Language: 'en' Physical Memory: 16068 MB
[Licensing::IpcConnector] Successfully connected to: "LicenseClient-Binod" at "2026-04-19T09:57:59.009519Z"
BatchMode: 1, IsHumanControllingUs: 0, StartBugReporterOnCrash: 0, Is64bit: 1
System  architecture: x64
Process architecture: x64
Date: 2026-04-19T09:57:59Z

COMMAND LINE ARGUMENTS:
D:\Unity\6000.3.8f1\Editor\Unity.exe
-adb2
-batchMode
-noUpm
-name
AssetImportWorker4
-projectPath
D:/UnityClass/Boss-Gauntlet
-logFile
Logs/AssetImportWorker4.log
-srvPort
55209
-licensingIpc
LicenseClient-Binod
-job-worker-count
7
-background-job-worker-count
8
-gc-helper-count
1
-name
AssetImport
Successfully changed project path to: D:/UnityClass/Boss-Gauntlet
D:/UnityClass/Boss-Gauntlet
[UnityMemory] Configuration Parameters - Can be set up in boot.config
    "memorysetup-temp-allocator-size-nav-mesh-worker=65536"
    "memorysetup-temp-allocator-size-audio-worker=65536"
    "memorysetup-temp-allocator-size-gfx=262144"
    "memorysetup-allocator-temp-initial-block-size-main=262144"
    "memorysetup-allocator-temp-initial-block-size-worker=262144"
    "memorysetup-temp-allocator-size-background-worker=32768"
    "memorysetup-temp-allocator-size-job-worker=262144"
    "memorysetup-temp-allocator-size-preload-manager=33554432"
    "memorysetup-temp-allocator-size-gi-baking-worker=262144"
    "memorysetup-temp-allocator-size-gi-baking-worker=262144"
    "memorysetup-temp-allocator-size-gi-baking-worker=262144"
    "memorysetup-temp-allocator-size-gi-baking-worker=262144"
    "memorysetup-temp-allocator-size-gi-baking-worker=262144"
    "memorysetup-bucket-allocator-granularity=16"
    "memorysetup-bucket-allocator-bucket-count=8"
    "memorysetup-bucket-allocator-block-size=33554432"
    "memorysetup-bucket-allocator-block-count=8"
    "memorysetup-main-allocator-block-size=16777216"
    "memorysetup-thread-allocator-block-size=16777216"
    "memorysetup-gfx-main-allocator-block-size=16777216"
    "memorysetup-gfx-thread-allocator-block-size=16777216"
    "memorysetup-cache-allocator-block-size=4194304"
    "memorysetup-typetree-allocator-block-size=2097152"
    "memorysetup-profiler-bucket-allocator-granularity=16"
    "memorysetup-profiler-bucket-allocator-bucket-count=8"
    "memorysetup-profiler-bucket-allocator-block-size=33554432"
    "memorysetup-profiler-bucket-allocator-block-count=8"
    "memorysetup-profiler-allocator-block-size=16777216"
    "memorysetup-profiler-editor-allocator-block-size=1048576"
    "memorysetup-temp-allocator-size-main=16777216"
    "memorysetup-job-temp-allocator-block-size=2097152"
    "memorysetup-job-temp-allocator-block-size-background=1048576"
    "memorysetup-job-temp-allocator-reduction-small-platforms=262144"
    "memorysetup-temp-allocator-size-cloud-worker=32768"
Player connection [11740]  Target information:

Player connection [11740]  * "[IP] 192.168.18.221 [Port] 0 [Flags] 2 [Guid] 2569523776 [EditorId] 2569523776 [Version] 1048832 [Id] WindowsEditor(7,LAPTOP-67VTHVRN) [Debug] 1 [PackageName] WindowsEditor [ProjectName] Editor" 

Player connection [11740]  * "[IP] 192.168.137.1 [Port] 0 [Flags] 2 [Guid] 2569523776 [EditorId] 2569523776 [Version] 1048832 [Id] WindowsEditor(7,LAPTOP-67VTHVRN) [Debug] 1 [PackageName] WindowsEditor [ProjectName] Editor" 

Player connection [11740] Host joined multi-casting on [225.0.0.222:54997]...
Player connection [11740] Host joined alternative multi-casting on [225.0.0.222:34997]...
JobSystem: Creating JobQueue using job-worker-count value 7
Input System module state changed to: Initialized.
[Physics::Module] Initialized fallback backend.
[Physics::Module] Id: 0xdecafbad
Library Redirect Path: Library/
[Physics::Module] Selected backend.
[Physics::Module] Name: PhysX
[Physics::Module] Id: 0xf2b8ea05
[Physics::Module] SDK Version: 4.1.2
[Physics::Module] Integration Version: 1.0.0
[Physics::Module] Threading Mode: Multi-Threaded
Refreshing native plugins compatible for Editor in 4.71 ms, found 3 plugins.
Preloading 0 native plugins for Editor in 0.00 ms.
Initialize engine version: 6000.3.8f1 (1c7db571dde0)
[Subsystems] Discovering subsystems at path D:/Unity/6000.3.8f1/Editor/Data/Resources/UnitySubsystems
[Subsystems] Discovering subsystems at path D:/UnityClass/Boss-Gauntlet/Assets
GfxDevice: creating device client; kGfxThreadingModeNonThreaded
Direct3D:
    Version:  Direct3D 11.0 [level 11.1]
    Renderer: NVIDIA GeForce RTX 4050 Laptop GPU (ID=0x28e1)
    Vendor:   NVIDIA
    VRAM:     5920 MB
    Driver:   32.0.15.9597
Initialize mono
Mono path[0] = 'D:/Unity/6000.3.8f1/Editor/Data/Managed'
Mono path[1] = 'D:/Unity/6000.3.8f1/Editor/Data/MonoBleedingEdge/lib/mono/unityjit-win32'
Mono config path = 'D:/Unity/6000.3.8f1/Editor/Data/MonoBleedingEdge/etc'
Using monoOptions --debugger-agent=transport=dt_socket,embedding=1,server=y,suspend=n,address=127.0.0.1:56264
Begin MonoManager ReloadAssembly
Registering precompiled unity dll's ...
Register platform support module: D:/Unity/6000.3.8f1/Editor/Data/PlaybackEngines/WebGLSupport/UnityEditor.WebGL.Extensions.dll
Register platform support module: D:/Unity/6000.3.8f1/Editor/Data/PlaybackEngines/WindowsStandaloneSupport/UnityEditor.WindowsStandalone.Extensions.dll
[Licensing::Module] Licensing is not yet initialized.
[Licensing::Client] Handshaking with LicensingClient:
  Version:                 1.17.4+4293ba1
  Session Id:              496f2c3bcc884c0cab7cc5f7d80768f5
  Correlation Id:          bd8f907e070227039ed8106d6038b1f8
  External correlation Id: 5238809209099270858
  Machine Id:              a597XLbd5NXm8tjUS2kr2LE3GSg=
[Licensing::Module] Successfully connected to LicensingClient on channel: "LicenseClient-Binod" (connect: 0.00s, validation: 0.00s, handshake: 1.99s)
[Licensing::IpcConnector] Successfully connected to: "LicenseClient-Binod-notifications" at "2026-04-19T09:58:01.0044826Z"
[Licensing::Module] Licensing Background thread has ended after 2.00s
[Licensing::Module] Licensing is initialized (took 0.37s).
[Licensing::Client] Successfully resolved entitlement details
[Licensing::Module] License group:
  Id: 18968353892640-UnityPersXXXX
  Product: Unity Personal
  Type: Assigned
  Expiration: Unlimited
Register platform support module: D:/Unity/6000.3.8f1/Editor/Data/PlaybackEngines/MetroSupport/UnityEditor.UWP.Extensions.dll
[Licensing::Client] Successfully resolved entitlement details
Register platform support module: D:/Unity/6000.3.8f1/Editor/Data/PlaybackEngines/AndroidPlayer/UnityEditor.Android.Extensions.dll
Registered in 0.384730 seconds.
- Loaded All Assemblies, in  1.230 seconds
Native extension for Android target not found
Android Extension - Scanning For ADB Devices 523 ms
Native extension for UWP target not found
Native extension for WindowsStandalone target not found
Native extension for WebGL target not found
ScheduleIndexationOnStartup MainProcess:False IndexOnStartup:True
Mono: successfully reloaded assembly
- Finished resetting the current domain, in  1.333 seconds
Domain Reload Profiling: 2562ms
	BeginReloadAssembly (308ms)
		ExecutionOrderSort (0ms)
		DisableScriptedObjects (0ms)
		BackupInstance (0ms)
		ReleaseScriptingObjects (0ms)
		CreateAndSetChildDomain (1ms)
	RebuildCommonClasses (77ms)
	RebuildNativeTypeToScriptingClass (20ms)
	initialDomainReloadingComplete (458ms)
	LoadAllAssembliesAndSetupDomain (365ms)
		LoadAssemblies (309ms)
		RebuildTransferFunctionScriptingTraits (0ms)
		AnalyzeDomain (356ms)
			TypeCache.Refresh (353ms)
				TypeCache.ScanAssembly (326ms)
			BuildScriptInfoCaches (0ms)
			ResolveRequiredComponents (1ms)
	FinalizeReload (1334ms)
		ReleaseScriptCaches (0ms)
		RebuildScriptCaches (0ms)
		SetupLoadedEditorAssemblies (1240ms)
			LogAssemblyErrors (0ms)
			InitializePlatformSupportModulesInManaged (683ms)
			SetLoadedEditorAssemblies (6ms)
			BeforeProcessingInitializeOnLoad (155ms)
			ProcessInitializeOnLoadAttributes (275ms)
			ProcessInitializeOnLoadMethodAttributes (121ms)
			AfterProcessingInitializeOnLoad (0ms)
			EditorAssembliesLoaded (0ms)
		ExecutionOrderSort2 (0ms)
		AwakeInstancesAfterBackupRestoration (0ms)
========================================================================
Worker process is ready to serve import requests
Import Worker Mode flag is 0x00
Begin MonoManager ReloadAssembly
[Licensing::Client] Successfully resolved entitlement details
- Loaded All Assemblies, in  1.484 seconds
Refreshing native plugins compatible for Editor in 1.69 ms, found 3 plugins.
Native extension for Android target not found
Native extension for UWP target not found
Native extension for WindowsStandalone target not found
Native extension for WebGL target not found
Package Manager log level set to [2]
[Package Manager] Failed to launch server process. Reason: Unity was launched with the -noUpm command-line argument
[Package Manager] Unable to send message (not connected to server process).
[Package Manager] Cannot connect to Unity Package Manager local server
ScheduleIndexationOnStartup MainProcess:False IndexOnStartup:True
Mono: successfully reloaded assembly
- Finished resetting the current domain, in  1.682 seconds
Domain Reload Profiling: 3166ms
	BeginReloadAssembly (430ms)
		ExecutionOrderSort (0ms)
		DisableScriptedObjects (19ms)
		BackupInstance (0ms)
		ReleaseScriptingObjects (0ms)
		CreateAndSetChildDomain (53ms)
	RebuildCommonClasses (69ms)
	RebuildNativeTypeToScriptingClass (26ms)
	initialDomainReloadingComplete (62ms)
	LoadAllAssembliesAndSetupDomain (896ms)
		LoadAssemblies (690ms)
		RebuildTransferFunctionScriptingTraits (0ms)
		AnalyzeDomain (478ms)
			TypeCache.Refresh (339ms)
				TypeCache.ScanAssembly (312ms)
			BuildScriptInfoCaches (111ms)
			ResolveRequiredComponents (21ms)
	FinalizeReload (1683ms)
		ReleaseScriptCaches (0ms)
		RebuildScriptCaches (0ms)
		SetupLoadedEditorAssemblies (1307ms)
			LogAssemblyErrors (0ms)
			InitializePlatformSupportModulesInManaged (24ms)
			SetLoadedEditorAssemblies (8ms)
			BeforeProcessingInitializeOnLoad (269ms)
			ProcessInitializeOnLoadAttributes (875ms)
			ProcessInitializeOnLoadMethodAttributes (128ms)
			AfterProcessingInitializeOnLoad (3ms)
			EditorAssembliesLoaded (0ms)
		ExecutionOrderSort2 (0ms)
		AwakeInstancesAfterBackupRestoration (14ms)
Launched and connected shader compiler UnityShaderCompiler.exe after 0.02 seconds
Refreshing native plugins compatible for Editor in 2.25 ms, found 3 plugins.
Preloading 0 native plugins for Editor in 0.00 ms.
Unloading 16 Unused Serialized files (Serialized files now loaded: 0)
Unloading 6182 unused Assets / (4.7 MB). Loaded Objects now: 6982.
Memory consumption went from 144.3 MB to 139.6 MB.
Total: 14.905100 ms (FindLiveObjects: 0.825200 ms CreateObjectMapping: 1.678900 ms MarkObjects: 9.253800 ms  DeleteObjects: 3.145600 ms)

========================================================================
Received Import Request.
  Time since last request: 178699.281824 seconds.
  path: Assets/Models/Ninja Idle.fbx
  artifactKey: Guid(e3b22671a41bd914ca6a027615f17bd0) Importer(815301076,1909f56bfc062723c751e8b465ee728b)
Start importing Assets/Models/Ninja Idle.fbx using Guid(e3b22671a41bd914ca6a027615f17bd0) Importer(815301076,1909f56bfc062723c751e8b465ee728b) (PreviewImporter) -> (artifact id: '42cc578d016bea9a9c3ca896618da5fd') in 0.9912049 seconds
Number of updated asset objects reloaded before import = 0Number of asset objects unloaded after import = 144

========================================================================
Received Import Request.
  Time since last request: 40.166756 seconds.
  path: Assets/Models/mixamo.com.anim
  artifactKey: Guid(ef78758ec0a63da4789505d015993f3d) Importer(815301076,1909f56bfc062723c751e8b465ee728b)
Start importing Assets/Models/mixamo.com.anim using Guid(ef78758ec0a63da4789505d015993f3d) Importer(815301076,1909f56bfc062723c751e8b465ee728b) (PreviewImporter) -> (artifact id: 'ed05d3a870f0910d476ed9c08e6fc6b4') in 0.0229345 seconds
Number of updated asset objects reloaded before import = 0Number of asset objects unloaded after import = 1

========================================================================
Received Import Request.
  Time since last request: 0.831701 seconds.
  path: Assets/Models/mixamo.com.anim
  artifactKey: Guid(ef78758ec0a63da4789505d015993f3d) Importer(2089858483,b0f066a214c2f5e87bad3c948f4d605d)
Start importing Assets/Models/mixamo.com.anim using Guid(ef78758ec0a63da4789505d015993f3d) Importer(2089858483,b0f066a214c2f5e87bad3c948f4d605d) (ScriptedImporter) -> (artifact id: '7d51e3185e7ab82fc44606f9221dc976') in 0.2187409 seconds
Number of updated asset objects reloaded before import = 0Number of asset objects unloaded after import = 1

========================================================================
Received Import Request.
  Time since last request: 2.069098 seconds.
  path: Assets/Models/Idle.anim
  artifactKey: Guid(ef78758ec0a63da4789505d015993f3d) Importer(815301076,1909f56bfc062723c751e8b465ee728b)
Start importing Assets/Models/Idle.anim using Guid(ef78758ec0a63da4789505d015993f3d) Importer(815301076,1909f56bfc062723c751e8b465ee728b) (PreviewImporter) -> (artifact id: '399bcd30c962c273722b340c801f4cdc') in 0.0237869 seconds
Number of updated asset objects reloaded before import = 0Number of asset objects unloaded after import = 1

========================================================================
Received Import Request.
  Time since last request: 0.842613 seconds.
  path: Assets/Models/Idle.anim
  artifactKey: Guid(ef78758ec0a63da4789505d015993f3d) Importer(2089858483,b0f066a214c2f5e87bad3c948f4d605d)
Start importing Assets/Models/Idle.anim using Guid(ef78758ec0a63da4789505d015993f3d) Importer(2089858483,b0f066a214c2f5e87bad3c948f4d605d) (ScriptedImporter) -> (artifact id: 'fff96c416b98d29e4a15a6e0593c8f30') in 0.0508754 seconds
Number of updated asset objects reloaded before import = 0Number of asset objects unloaded after import = 1

========================================================================
Received Import Request.
  Time since last request: 22.153168 seconds.
  path: Assets/Models/Run.fbx
  artifactKey: Guid(1b6f712dff7414f4e886146ac3577a03) Importer(815301076,1909f56bfc062723c751e8b465ee728b)
Start importing Assets/Models/Run.fbx using Guid(1b6f712dff7414f4e886146ac3577a03) Importer(815301076,1909f56bfc062723c751e8b465ee728b) (PreviewImporter) -> (artifact id: '8f5150e0f392fa8f6137630f8c5424f9') in 0.0051378 seconds
Number of updated asset objects reloaded before import = 0Number of asset objects unloaded after import = 135

========================================================================
Received Import Request.
  Time since last request: 0.000039 seconds.
  path: Assets/Models/Dying.fbx
  artifactKey: Guid(6dcc764bb0a39db428590f1903568fe0) Importer(815301076,1909f56bfc062723c751e8b465ee728b)
Start importing Assets/Models/Dying.fbx using Guid(6dcc764bb0a39db428590f1903568fe0) Importer(815301076,1909f56bfc062723c751e8b465ee728b) (PreviewImporter) -> (artifact id: '5bd1ddbe43d955c0c1f42111f7ffdba4') in 0.0060893 seconds
Number of updated asset objects reloaded before import = 0Number of asset objects unloaded after import = 135

========================================================================
Received Import Request.
  Time since last request: 0.000046 seconds.
  path: Assets/Models/Sword And Shield Slash.fbx
  artifactKey: Guid(c3ddb8faff67a1341bb8ac7b5daa369d) Importer(815301076,1909f56bfc062723c751e8b465ee728b)
Start importing Assets/Models/Sword And Shield Slash.fbx using Guid(c3ddb8faff67a1341bb8ac7b5daa369d) Importer(815301076,1909f56bfc062723c751e8b465ee728b) (PreviewImporter) -> (artifact id: 'd1bd456706d7c6009fb52596e80a7fc6') in 0.0063692 seconds
Number of updated asset objects reloaded before import = 0Number of asset objects unloaded after import = 135

========================================================================
Received Import Request.
  Time since last request: 0.000046 seconds.
  path: Assets/Models/Sword And Shield Slash (1).fbx
  artifactKey: Guid(0a63a673b9fab604e85cf0ff49a68bb6) Importer(815301076,1909f56bfc062723c751e8b465ee728b)
Start importing Assets/Models/Sword And Shield Slash (1).fbx using Guid(0a63a673b9fab604e85cf0ff49a68bb6) Importer(815301076,1909f56bfc062723c751e8b465ee728b) (PreviewImporter) -> (artifact id: 'd4c9e997d67dca272d0c199a2b6821f6') in 0.0054987 seconds
Number of updated asset objects reloaded before import = 0Number of asset objects unloaded after import = 135

========================================================================
Received Import Request.
  Time since last request: 0.584629 seconds.
  path: Assets/Models/Sword And Shield Slash.fbx
  artifactKey: Guid(c3ddb8faff67a1341bb8ac7b5daa369d) Importer(2089858483,b0f066a214c2f5e87bad3c948f4d605d)
Start importing Assets/Models/Sword And Shield Slash.fbx using Guid(c3ddb8faff67a1341bb8ac7b5daa369d) Importer(2089858483,b0f066a214c2f5e87bad3c948f4d605d) (ScriptedImporter) -> (artifact id: '85eea8497b860ef6fe2dfb355dbffe0b') in 0.0891483 seconds
Number of updated asset objects reloaded before import = 0Number of asset objects unloaded after import = 136

========================================================================
Received Import Request.
  Time since last request: 0.000039 seconds.
  path: Assets/Models/Sword And Shield Slash (1).fbx
  artifactKey: Guid(0a63a673b9fab604e85cf0ff49a68bb6) Importer(2089858483,b0f066a214c2f5e87bad3c948f4d605d)
Start importing Assets/Models/Sword And Shield Slash (1).fbx using Guid(0a63a673b9fab604e85cf0ff49a68bb6) Importer(2089858483,b0f066a214c2f5e87bad3c948f4d605d) (ScriptedImporter) -> (artifact id: 'd7e4443ae4a6503a9b0646f40c25ae95') in 0.0311704 seconds
Number of updated asset objects reloaded before import = 0Number of asset objects unloaded after import = 136

========================================================================
Received Import Request.
  Time since last request: 0.000068 seconds.
  path: Assets/Models/One Hand Sword Combo.fbx
  artifactKey: Guid(04b1c13b2dde7a84f88e5d8dbe5b8067) Importer(2089858483,b0f066a214c2f5e87bad3c948f4d605d)
Start importing Assets/Models/One Hand Sword Combo.fbx using Guid(04b1c13b2dde7a84f88e5d8dbe5b8067) Importer(2089858483,b0f066a214c2f5e87bad3c948f4d605d) (ScriptedImporter) -> (artifact id: '1ebe53aff485e476bf76b92be264e32f') in 0.0352172 seconds
Number of updated asset objects reloaded before import = 0Number of asset objects unloaded after import = 136

========================================================================
Received Import Request.
  Time since last request: 14.815111 seconds.
  path: Assets/Models/Dying.fbx
  artifactKey: Guid(6dcc764bb0a39db428590f1903568fe0) Importer(815301076,1909f56bfc062723c751e8b465ee728b)
Start importing Assets/Models/Dying.fbx using Guid(6dcc764bb0a39db428590f1903568fe0) Importer(815301076,1909f56bfc062723c751e8b465ee728b) (PreviewImporter) -> (artifact id: 'd2d488978d8aafe70fffcd1b005b9e74') in 0.0070139 seconds
Number of updated asset objects reloaded before import = 0Number of asset objects unloaded after import = 135

========================================================================
Received Import Request.
  Time since last request: 0.872133 seconds.
  path: Assets/Models/Dying.fbx
  artifactKey: Guid(6dcc764bb0a39db428590f1903568fe0) Importer(2089858483,b0f066a214c2f5e87bad3c948f4d605d)
Start importing Assets/Models/Dying.fbx using Guid(6dcc764bb0a39db428590f1903568fe0) Importer(2089858483,b0f066a214c2f5e87bad3c948f4d605d) (ScriptedImporter) -> (artifact id: '770e1d2373a8e135e81bdddc1a6845e6') in 0.0329779 seconds
Number of updated asset objects reloaded before import = 0Number of asset objects unloaded after import = 136

========================================================================
Received Import Request.
  Time since last request: 10.359481 seconds.
  path: Assets/Models/Jump.fbx
  artifactKey: Guid(b5c54e188a57e644b9493d3ba87c8654) Importer(815301076,1909f56bfc062723c751e8b465ee728b)
Start importing Assets/Models/Jump.fbx using Guid(b5c54e188a57e644b9493d3ba87c8654) Importer(815301076,1909f56bfc062723c751e8b465ee728b) (PreviewImporter) -> (artifact id: '580e03c65357432f6231436f5bfc1114') in 0.0067299 seconds
Number of updated asset objects reloaded before import = 0Number of asset objects unloaded after import = 135

========================================================================
Received Import Request.
  Time since last request: 0.888566 seconds.
  path: Assets/Models/Jump.fbx
  artifactKey: Guid(b5c54e188a57e644b9493d3ba87c8654) Importer(2089858483,b0f066a214c2f5e87bad3c948f4d605d)
Start importing Assets/Models/Jump.fbx using Guid(b5c54e188a57e644b9493d3ba87c8654) Importer(2089858483,b0f066a214c2f5e87bad3c948f4d605d) (ScriptedImporter) -> (artifact id: 'a1b295d8e1ceef77c58156385159ee4e') in 0.0266339 seconds
Number of updated asset objects reloaded before import = 0Number of asset objects unloaded after import = 136

========================================================================
Received Import Request.
  Time since last request: 7.379162 seconds.
  path: Assets/Models/One Hand Sword Combo.fbx
  artifactKey: Guid(04b1c13b2dde7a84f88e5d8dbe5b8067) Importer(815301076,1909f56bfc062723c751e8b465ee728b)
Start importing Assets/Models/One Hand Sword Combo.fbx using Guid(04b1c13b2dde7a84f88e5d8dbe5b8067) Importer(815301076,1909f56bfc062723c751e8b465ee728b) (PreviewImporter) -> (artifact id: 'f10388a2bed6618203e795831ba5e971') in 0.0075717 seconds
Number of updated asset objects reloaded before import = 0Number of asset objects unloaded after import = 135

========================================================================
Received Import Request.
  Time since last request: 0.859569 seconds.
  path: Assets/Models/One Hand Sword Combo.fbx
  artifactKey: Guid(04b1c13b2dde7a84f88e5d8dbe5b8067) Importer(2089858483,b0f066a214c2f5e87bad3c948f4d605d)
Start importing Assets/Models/One Hand Sword Combo.fbx using Guid(04b1c13b2dde7a84f88e5d8dbe5b8067) Importer(2089858483,b0f066a214c2f5e87bad3c948f4d605d) (ScriptedImporter) -> (artifact id: '423768c3626a9a6256a7deefe01e76e1') in 0.0244873 seconds
Number of updated asset objects reloaded before import = 0Number of asset objects unloaded after import = 136

========================================================================
Received Import Request.
  Time since last request: 7.616645 seconds.
  path: Assets/Models/Run.fbx
  artifactKey: Guid(1b6f712dff7414f4e886146ac3577a03) Importer(815301076,1909f56bfc062723c751e8b465ee728b)
Start importing Assets/Models/Run.fbx using Guid(1b6f712dff7414f4e886146ac3577a03) Importer(815301076,1909f56bfc062723c751e8b465ee728b) (PreviewImporter) -> (artifact id: 'f7d32022969ca4e86bdfa755a751dac1') in 0.0074022 seconds
Number of updated asset objects reloaded before import = 0Number of asset objects unloaded after import = 135

========================================================================
Received Import Request.
  Time since last request: 0.897324 seconds.
  path: Assets/Models/Run.fbx
  artifactKey: Guid(1b6f712dff7414f4e886146ac3577a03) Importer(2089858483,b0f066a214c2f5e87bad3c948f4d605d)
Start importing Assets/Models/Run.fbx using Guid(1b6f712dff7414f4e886146ac3577a03) Importer(2089858483,b0f066a214c2f5e87bad3c948f4d605d) (ScriptedImporter) -> (artifact id: 'd546871614ba385c228a624616ddb69e') in 0.0313309 seconds
Number of updated asset objects reloaded before import = 0Number of asset objects unloaded after import = 136

========================================================================
Received Import Request.
  Time since last request: 5.576485 seconds.
  path: Assets/Models/Stable Sword Inward Slash.fbx
  artifactKey: Guid(39dd4263381860f4ca12e1a6655e539f) Importer(815301076,1909f56bfc062723c751e8b465ee728b)
Start importing Assets/Models/Stable Sword Inward Slash.fbx using Guid(39dd4263381860f4ca12e1a6655e539f) Importer(815301076,1909f56bfc062723c751e8b465ee728b) (PreviewImporter) -> (artifact id: 'bb1d05240285783cdbcf810064948895') in 0.0072821 seconds
Number of updated asset objects reloaded before import = 0Number of asset objects unloaded after import = 135

========================================================================
Received Import Request.
  Time since last request: 0.883595 seconds.
  path: Assets/Models/Stable Sword Inward Slash.fbx
  artifactKey: Guid(39dd4263381860f4ca12e1a6655e539f) Importer(2089858483,b0f066a214c2f5e87bad3c948f4d605d)
Start importing Assets/Models/Stable Sword Inward Slash.fbx using Guid(39dd4263381860f4ca12e1a6655e539f) Importer(2089858483,b0f066a214c2f5e87bad3c948f4d605d) (ScriptedImporter) -> (artifact id: '212132c0b99a0cda44411f3b35ba97ba') in 0.0294604 seconds
Number of updated asset objects reloaded before import = 0Number of asset objects unloaded after import = 136

========================================================================
Received Import Request.
  Time since last request: 9.678128 seconds.
  path: Assets/Models/Sword And Shield Slash.fbx
  artifactKey: Guid(c3ddb8faff67a1341bb8ac7b5daa369d) Importer(815301076,1909f56bfc062723c751e8b465ee728b)
Start importing Assets/Models/Sword And Shield Slash.fbx using Guid(c3ddb8faff67a1341bb8ac7b5daa369d) Importer(815301076,1909f56bfc062723c751e8b465ee728b) (PreviewImporter) -> (artifact id: 'c5843b6eadf42832736870fcb71b4269') in 0.0149389 seconds
Number of updated asset objects reloaded before import = 0Number of asset objects unloaded after import = 135

========================================================================
Received Import Request.
  Time since last request: 0.865087 seconds.
  path: Assets/Models/Sword And Shield Slash.fbx
  artifactKey: Guid(c3ddb8faff67a1341bb8ac7b5daa369d) Importer(2089858483,b0f066a214c2f5e87bad3c948f4d605d)
Start importing Assets/Models/Sword And Shield Slash.fbx using Guid(c3ddb8faff67a1341bb8ac7b5daa369d) Importer(2089858483,b0f066a214c2f5e87bad3c948f4d605d) (ScriptedImporter) -> (artifact id: '99676371e4237d77cf5ba405db7c73a6') in 0.0314406 seconds
Number of updated asset objects reloaded before import = 0Number of asset objects unloaded after import = 136

========================================================================
Received Import Request.
  Time since last request: 8.789396 seconds.
  path: Assets/Models/Sword And Shield Slash (1).fbx
  artifactKey: Guid(0a63a673b9fab604e85cf0ff49a68bb6) Importer(815301076,1909f56bfc062723c751e8b465ee728b)
Start importing Assets/Models/Sword And Shield Slash (1).fbx using Guid(0a63a673b9fab604e85cf0ff49a68bb6) Importer(815301076,1909f56bfc062723c751e8b465ee728b) (PreviewImporter) -> (artifact id: '5285bc74f8b3897afb9d20e1e9ec4b17') in 0.0071366 seconds
Number of updated asset objects reloaded before import = 0Number of asset objects unloaded after import = 135

========================================================================
Received Import Request.
  Time since last request: 0.874852 seconds.
  path: Assets/Models/Sword And Shield Slash (1).fbx
  artifactKey: Guid(0a63a673b9fab604e85cf0ff49a68bb6) Importer(2089858483,b0f066a214c2f5e87bad3c948f4d605d)
Start importing Assets/Models/Sword And Shield Slash (1).fbx using Guid(0a63a673b9fab604e85cf0ff49a68bb6) Importer(2089858483,b0f066a214c2f5e87bad3c948f4d605d) (ScriptedImporter) -> (artifact id: '0f8926c50a5aa9169c66d687d2ec7a06') in 0.0250909 seconds
Number of updated asset objects reloaded before import = 0Number of asset objects unloaded after import = 136

========================================================================
Received Import Request.
  Time since last request: 5.560110 seconds.
  path: Assets/Models/mixamo.com.anim
  artifactKey: Guid(93edb5eb8eae5844ea850f2ce565f6cb) Importer(815301076,1909f56bfc062723c751e8b465ee728b)
Start importing Assets/Models/mixamo.com.anim using Guid(93edb5eb8eae5844ea850f2ce565f6cb) Importer(815301076,1909f56bfc062723c751e8b465ee728b) (PreviewImporter) -> (artifact id: '79164f460eb27a4eaccec7aa43ea1ba5') in 0.025326 seconds
Number of updated asset objects reloaded before import = 0Number of asset objects unloaded after import = 1

========================================================================
Received Import Request.
  Time since last request: 0.845325 seconds.
  path: Assets/Models/mixamo.com.anim
  artifactKey: Guid(93edb5eb8eae5844ea850f2ce565f6cb) Importer(2089858483,b0f066a214c2f5e87bad3c948f4d605d)
Start importing Assets/Models/mixamo.com.anim using Guid(93edb5eb8eae5844ea850f2ce565f6cb) Importer(2089858483,b0f066a214c2f5e87bad3c948f4d605d) (ScriptedImporter) -> (artifact id: '9057e53f75b0d80190d41b930c76a311') in 0.0582229 seconds
Number of updated asset objects reloaded before import = 0Number of asset objects unloaded after import = 1

========================================================================
Received Import Request.
  Time since last request: 4.521166 seconds.
  path: Assets/Models/Death.anim
  artifactKey: Guid(93edb5eb8eae5844ea850f2ce565f6cb) Importer(815301076,1909f56bfc062723c751e8b465ee728b)
Start importing Assets/Models/Death.anim using Guid(93edb5eb8eae5844ea850f2ce565f6cb) Importer(815301076,1909f56bfc062723c751e8b465ee728b) (PreviewImporter) -> (artifact id: '3b3b58e0daee2b2be4ddf02bf8488349') in 0.0258242 seconds
Number of updated asset objects reloaded before import = 0Number of asset objects unloaded after import = 1

========================================================================
Received Import Request.
  Time since last request: 0.857744 seconds.
  path: Assets/Models/Death.anim
  artifactKey: Guid(93edb5eb8eae5844ea850f2ce565f6cb) Importer(2089858483,b0f066a214c2f5e87bad3c948f4d605d)
Start importing Assets/Models/Death.anim using Guid(93edb5eb8eae5844ea850f2ce565f6cb) Importer(2089858483,b0f066a214c2f5e87bad3c948f4d605d) (ScriptedImporter) -> (artifact id: 'edc536f79b2a306c97c36799975ed275') in 0.0478344 seconds
Number of updated asset objects reloaded before import = 0Number of asset objects unloaded after import = 1

========================================================================
Received Import Request.
  Time since last request: 23.745081 seconds.
  path: Assets/Models/mixamo.com.anim
  artifactKey: Guid(5892616a70fca244aa9468ca6f61bb17) Importer(815301076,1909f56bfc062723c751e8b465ee728b)
Start importing Assets/Models/mixamo.com.anim using Guid(5892616a70fca244aa9468ca6f61bb17) Importer(815301076,1909f56bfc062723c751e8b465ee728b) (PreviewImporter) -> (artifact id: 'd9f142bd028cea7c0e50b0cf4ef3fcbe') in 0.0133198 seconds
Number of updated asset objects reloaded before import = 0Number of asset objects unloaded after import = 1

========================================================================
Received Import Request.
  Time since last request: 0.795342 seconds.
  path: Assets/Models/mixamo.com.anim
  artifactKey: Guid(5892616a70fca244aa9468ca6f61bb17) Importer(2089858483,b0f066a214c2f5e87bad3c948f4d605d)
Start importing Assets/Models/mixamo.com.anim using Guid(5892616a70fca244aa9468ca6f61bb17) Importer(2089858483,b0f066a214c2f5e87bad3c948f4d605d) (ScriptedImporter) -> (artifact id: '50ba5a91c36743c1ad238128d6a476bd') in 0.0457646 seconds
Number of updated asset objects reloaded before import = 0Number of asset objects unloaded after import = 1

========================================================================
Received Import Request.
  Time since last request: 2.016731 seconds.
  path: Assets/Models/Jump.anim
  artifactKey: Guid(5892616a70fca244aa9468ca6f61bb17) Importer(815301076,1909f56bfc062723c751e8b465ee728b)
Start importing Assets/Models/Jump.anim using Guid(5892616a70fca244aa9468ca6f61bb17) Importer(815301076,1909f56bfc062723c751e8b465ee728b) (PreviewImporter) -> (artifact id: 'b9aba751d0414a59a3fe8f6e34e0f051') in 0.0125235 seconds
Number of updated asset objects reloaded before import = 0Number of asset objects unloaded after import = 1

========================================================================
Received Import Request.
  Time since last request: 0.869479 seconds.
  path: Assets/Models/Jump.anim
  artifactKey: Guid(5892616a70fca244aa9468ca6f61bb17) Importer(2089858483,b0f066a214c2f5e87bad3c948f4d605d)
Start importing Assets/Models/Jump.anim using Guid(5892616a70fca244aa9468ca6f61bb17) Importer(2089858483,b0f066a214c2f5e87bad3c948f4d605d) (ScriptedImporter) -> (artifact id: '695f9278ab4f6228f1da30ad73a98edd') in 0.0297764 seconds
Number of updated asset objects reloaded before import = 0Number of asset objects unloaded after import = 1

========================================================================
Received Import Request.
  Time since last request: 24.162480 seconds.
  path: Assets/Models/mixamo.com.anim
  artifactKey: Guid(20e7172985f958846a83a3eec17b06a9) Importer(815301076,1909f56bfc062723c751e8b465ee728b)
Start importing Assets/Models/mixamo.com.anim using Guid(20e7172985f958846a83a3eec17b06a9) Importer(815301076,1909f56bfc062723c751e8b465ee728b) (PreviewImporter) -> (artifact id: '503788e413284438f6f1fef8bfb76f9b') in 0.0111092 seconds
Number of updated asset objects reloaded before import = 0Number of asset objects unloaded after import = 1

========================================================================
Received Import Request.
  Time since last request: 0.836604 seconds.
  path: Assets/Models/mixamo.com.anim
  artifactKey: Guid(20e7172985f958846a83a3eec17b06a9) Importer(2089858483,b0f066a214c2f5e87bad3c948f4d605d)
Start importing Assets/Models/mixamo.com.anim using Guid(20e7172985f958846a83a3eec17b06a9) Importer(2089858483,b0f066a214c2f5e87bad3c948f4d605d) (ScriptedImporter) -> (artifact id: '9c723d4b578ec648d03299fac80954fa') in 0.0425132 seconds
Number of updated asset objects reloaded before import = 0Number of asset objects unloaded after import = 1

========================================================================
Received Import Request.
  Time since last request: 4.837049 seconds.
  path: Assets/Models/Atk1.anim
  artifactKey: Guid(20e7172985f958846a83a3eec17b06a9) Importer(815301076,1909f56bfc062723c751e8b465ee728b)
Start importing Assets/Models/Atk1.anim using Guid(20e7172985f958846a83a3eec17b06a9) Importer(815301076,1909f56bfc062723c751e8b465ee728b) (PreviewImporter) -> (artifact id: 'cd0431e5b03396910a097300abe2060a') in 0.0107816 seconds
Number of updated asset objects reloaded before import = 0Number of asset objects unloaded after import = 1

========================================================================
Received Import Request.
  Time since last request: 0.865704 seconds.
  path: Assets/Models/Atk1.anim
  artifactKey: Guid(20e7172985f958846a83a3eec17b06a9) Importer(2089858483,b0f066a214c2f5e87bad3c948f4d605d)
Start importing Assets/Models/Atk1.anim using Guid(20e7172985f958846a83a3eec17b06a9) Importer(2089858483,b0f066a214c2f5e87bad3c948f4d605d) (ScriptedImporter) -> (artifact id: '084aea0517e7d04322911b728da7afc5') in 0.032607 seconds
Number of updated asset objects reloaded before import = 0Number of asset objects unloaded after import = 1

========================================================================
Received Import Request.
  Time since last request: 5.928732 seconds.
  path: Assets/Models/mixamo.com.anim
  artifactKey: Guid(156b32901620bcf4a863199f1efdf83a) Importer(815301076,1909f56bfc062723c751e8b465ee728b)
Start importing Assets/Models/mixamo.com.anim using Guid(156b32901620bcf4a863199f1efdf83a) Importer(815301076,1909f56bfc062723c751e8b465ee728b) (PreviewImporter) -> (artifact id: 'ba425b4ae4d04d188cee96e0630de5e4') in 0.0088541 seconds
Number of updated asset objects reloaded before import = 0Number of asset objects unloaded after import = 1

========================================================================
Received Import Request.
  Time since last request: 0.845930 seconds.
  path: Assets/Models/mixamo.com.anim
  artifactKey: Guid(156b32901620bcf4a863199f1efdf83a) Importer(2089858483,b0f066a214c2f5e87bad3c948f4d605d)
Start importing Assets/Models/mixamo.com.anim using Guid(156b32901620bcf4a863199f1efdf83a) Importer(2089858483,b0f066a214c2f5e87bad3c948f4d605d) (ScriptedImporter) -> (artifact id: '776d8adc79ea16cb91be4c8b253ce3e5') in 0.0253774 seconds
Number of updated asset objects reloaded before import = 0Number of asset objects unloaded after import = 1

========================================================================
Received Import Request.
  Time since last request: 1.479742 seconds.
  path: Assets/Models/Run.anim
  artifactKey: Guid(156b32901620bcf4a863199f1efdf83a) Importer(815301076,1909f56bfc062723c751e8b465ee728b)
Start importing Assets/Models/Run.anim using Guid(156b32901620bcf4a863199f1efdf83a) Importer(815301076,1909f56bfc062723c751e8b465ee728b) (PreviewImporter) -> (artifact id: 'd72ffdf2426ff1fe7601054164baa259') in 0.0076429 seconds
Number of updated asset objects reloaded before import = 0Number of asset objects unloaded after import = 1

========================================================================
Received Import Request.
  Time since last request: 0.861598 seconds.
  path: Assets/Models/Run.anim
  artifactKey: Guid(156b32901620bcf4a863199f1efdf83a) Importer(2089858483,b0f066a214c2f5e87bad3c948f4d605d)
Start importing Assets/Models/Run.anim using Guid(156b32901620bcf4a863199f1efdf83a) Importer(2089858483,b0f066a214c2f5e87bad3c948f4d605d) (ScriptedImporter) -> (artifact id: '6ecbf6f2dd5fe8d604aa31907fd618e6') in 0.0236951 seconds
Number of updated asset objects reloaded before import = 0Number of asset objects unloaded after import = 1

========================================================================
Received Import Request.
  Time since last request: 18.117720 seconds.
  path: Assets/Models/mixamo.com.anim
  artifactKey: Guid(d1aaf63bdf58a59498a11f43194df4d0) Importer(815301076,1909f56bfc062723c751e8b465ee728b)
Start importing Assets/Models/mixamo.com.anim using Guid(d1aaf63bdf58a59498a11f43194df4d0) Importer(815301076,1909f56bfc062723c751e8b465ee728b) (PreviewImporter) -> (artifact id: '1bafdaed6ab10279dcb18334446487ca') in 0.0156938 seconds
Number of updated asset objects reloaded before import = 0Number of asset objects unloaded after import = 1

========================================================================
Received Import Request.
  Time since last request: 0.836732 seconds.
  path: Assets/Models/mixamo.com.anim
  artifactKey: Guid(d1aaf63bdf58a59498a11f43194df4d0) Importer(2089858483,b0f066a214c2f5e87bad3c948f4d605d)
Start importing Assets/Models/mixamo.com.anim using Guid(d1aaf63bdf58a59498a11f43194df4d0) Importer(2089858483,b0f066a214c2f5e87bad3c948f4d605d) (ScriptedImporter) -> (artifact id: 'e61a4a2afc5c5b2baac5a931117bbe4f') in 0.0390999 seconds
Number of updated asset objects reloaded before import = 0Number of asset objects unloaded after import = 1

========================================================================
Received Import Request.
  Time since last request: 3.387363 seconds.
  path: Assets/Models/Atk2.anim
  artifactKey: Guid(d1aaf63bdf58a59498a11f43194df4d0) Importer(815301076,1909f56bfc062723c751e8b465ee728b)
Start importing Assets/Models/Atk2.anim using Guid(d1aaf63bdf58a59498a11f43194df4d0) Importer(815301076,1909f56bfc062723c751e8b465ee728b) (PreviewImporter) -> (artifact id: 'e8ebb16f627c8dc30b45c99a77b43ded') in 0.0147359 seconds
Number of updated asset objects reloaded before import = 0Number of asset objects unloaded after import = 1

========================================================================
Received Import Request.
  Time since last request: 0.866391 seconds.
  path: Assets/Models/Atk2.anim
  artifactKey: Guid(d1aaf63bdf58a59498a11f43194df4d0) Importer(2089858483,b0f066a214c2f5e87bad3c948f4d605d)
Start importing Assets/Models/Atk2.anim using Guid(d1aaf63bdf58a59498a11f43194df4d0) Importer(2089858483,b0f066a214c2f5e87bad3c948f4d605d) (ScriptedImporter) -> (artifact id: '2884e84b003fe411a603c6f583ffc67e') in 0.036915 seconds
Number of updated asset objects reloaded before import = 0Number of asset objects unloaded after import = 1

========================================================================
Received Import Request.
  Time since last request: 11.232486 seconds.
  path: Assets/Models/mixamo.com.anim
  artifactKey: Guid(c28f1c952ecf00b4b873fcf10298c894) Importer(815301076,1909f56bfc062723c751e8b465ee728b)
Start importing Assets/Models/mixamo.com.anim using Guid(c28f1c952ecf00b4b873fcf10298c894) Importer(815301076,1909f56bfc062723c751e8b465ee728b) (PreviewImporter) -> (artifact id: 'a1f5f2557ddbbb304a9f63de616efc9e') in 0.0160325 seconds
Number of updated asset objects reloaded before import = 0Number of asset objects unloaded after import = 1

========================================================================
Received Import Request.
  Time since last request: 0.840224 seconds.
  path: Assets/Models/mixamo.com.anim
  artifactKey: Guid(c28f1c952ecf00b4b873fcf10298c894) Importer(2089858483,b0f066a214c2f5e87bad3c948f4d605d)
Start importing Assets/Models/mixamo.com.anim using Guid(c28f1c952ecf00b4b873fcf10298c894) Importer(2089858483,b0f066a214c2f5e87bad3c948f4d605d) (ScriptedImporter) -> (artifact id: '674791b7ec4fbffd3bf25991d2346951') in 0.0352525 seconds
Number of updated asset objects reloaded before import = 0Number of asset objects unloaded after import = 1

========================================================================
Received Import Request.
  Time since last request: 2.907208 seconds.
  path: Assets/Models/Atk3.anim
  artifactKey: Guid(c28f1c952ecf00b4b873fcf10298c894) Importer(815301076,1909f56bfc062723c751e8b465ee728b)
Start importing Assets/Models/Atk3.anim using Guid(c28f1c952ecf00b4b873fcf10298c894) Importer(815301076,1909f56bfc062723c751e8b465ee728b) (PreviewImporter) -> (artifact id: 'f664e938e0cf79dc08af3726ab3104e5') in 0.0141617 seconds
Number of updated asset objects reloaded before import = 0Number of asset objects unloaded after import = 1

========================================================================
Received Import Request.
  Time since last request: 0.865367 seconds.
  path: Assets/Models/Atk3.anim
  artifactKey: Guid(c28f1c952ecf00b4b873fcf10298c894) Importer(2089858483,b0f066a214c2f5e87bad3c948f4d605d)
Start importing Assets/Models/Atk3.anim using Guid(c28f1c952ecf00b4b873fcf10298c894) Importer(2089858483,b0f066a214c2f5e87bad3c948f4d605d) (ScriptedImporter) -> (artifact id: 'f0c66f261b5566f6e2b48a135724536f') in 0.0322968 seconds
Number of updated asset objects reloaded before import = 0Number of asset objects unloaded after import = 1

========================================================================
Received Import Request.
  Time since last request: 15.722154 seconds.
  path: Assets/Models/mixamo.com.anim
  artifactKey: Guid(5cb3e72feaba6ad4aa4db1a842901cd5) Importer(815301076,1909f56bfc062723c751e8b465ee728b)
Start importing Assets/Models/mixamo.com.anim using Guid(5cb3e72feaba6ad4aa4db1a842901cd5) Importer(815301076,1909f56bfc062723c751e8b465ee728b) (PreviewImporter) -> (artifact id: '795e4ee663a63eef597807e63771fb36') in 0.0254996 seconds
Number of updated asset objects reloaded before import = 0Number of asset objects unloaded after import = 1

========================================================================
Received Import Request.
  Time since last request: 0.845547 seconds.
  path: Assets/Models/mixamo.com.anim
  artifactKey: Guid(5cb3e72feaba6ad4aa4db1a842901cd5) Importer(2089858483,b0f066a214c2f5e87bad3c948f4d605d)
Start importing Assets/Models/mixamo.com.anim using Guid(5cb3e72feaba6ad4aa4db1a842901cd5) Importer(2089858483,b0f066a214c2f5e87bad3c948f4d605d) (ScriptedImporter) -> (artifact id: 'dc102ae2942858fca53541d02491b881') in 0.0441603 seconds
Number of updated asset objects reloaded before import = 0Number of asset objects unloaded after import = 1

========================================================================
Received Import Request.
  Time since last request: 3.285934 seconds.
  path: Assets/Models/Atk4.anim
  artifactKey: Guid(5cb3e72feaba6ad4aa4db1a842901cd5) Importer(815301076,1909f56bfc062723c751e8b465ee728b)
Start importing Assets/Models/Atk4.anim using Guid(5cb3e72feaba6ad4aa4db1a842901cd5) Importer(815301076,1909f56bfc062723c751e8b465ee728b) (PreviewImporter) -> (artifact id: 'a1c1e0fb11747eabd13765ba1cf78a70') in 0.0315345 seconds
Number of updated asset objects reloaded before import = 0Number of asset objects unloaded after import = 1

========================================================================
Received Import Request.
  Time since last request: 0.829474 seconds.
  path: Assets/Models/Atk4.anim
  artifactKey: Guid(5cb3e72feaba6ad4aa4db1a842901cd5) Importer(2089858483,b0f066a214c2f5e87bad3c948f4d605d)
Start importing Assets/Models/Atk4.anim using Guid(5cb3e72feaba6ad4aa4db1a842901cd5) Importer(2089858483,b0f066a214c2f5e87bad3c948f4d605d) (ScriptedImporter) -> (artifact id: 'afc22be6e49cdf91e336cae40cac589d') in 0.0461481 seconds
Number of updated asset objects reloaded before import = 0Number of asset objects unloaded after import = 1

========================================================================
Received Import Request.
  Time since last request: 11.542013 seconds.
  path: Assets/Animations/Run.anim
  artifactKey: Guid(156b32901620bcf4a863199f1efdf83a) Importer(2089858483,b0f066a214c2f5e87bad3c948f4d605d)
Start importing Assets/Animations/Run.anim using Guid(156b32901620bcf4a863199f1efdf83a) Importer(2089858483,b0f066a214c2f5e87bad3c948f4d605d) (ScriptedImporter) -> (artifact id: '523bec1add1b038986721b3780c42994') in 0.0710325 seconds
Number of updated asset objects reloaded before import = 0Number of asset objects unloaded after import = 1

========================================================================
Received Import Request.
  Time since last request: 0.000032 seconds.
  path: Assets/Animations/Atk4.anim
  artifactKey: Guid(5cb3e72feaba6ad4aa4db1a842901cd5) Importer(2089858483,b0f066a214c2f5e87bad3c948f4d605d)
Start importing Assets/Animations/Atk4.anim using Guid(5cb3e72feaba6ad4aa4db1a842901cd5) Importer(2089858483,b0f066a214c2f5e87bad3c948f4d605d) (ScriptedImporter) -> (artifact id: 'ca3d3c2cf6aef70e752d18249644cda1') in 0.0498039 seconds
Number of updated asset objects reloaded before import = 0Number of asset objects unloaded after import = 1

========================================================================
Received Import Request.
  Time since last request: 0.000065 seconds.
  path: Assets/Animations/Jump.anim
  artifactKey: Guid(5892616a70fca244aa9468ca6f61bb17) Importer(2089858483,b0f066a214c2f5e87bad3c948f4d605d)
Start importing Assets/Animations/Jump.anim using Guid(5892616a70fca244aa9468ca6f61bb17) Importer(2089858483,b0f066a214c2f5e87bad3c948f4d605d) (ScriptedImporter) -> (artifact id: 'c878e1c7cbb2e8b5243a05a075b73e8a') in 0.041342 seconds
Number of updated asset objects reloaded before import = 0Number of asset objects unloaded after import = 1

========================================================================
Received Import Request.
  Time since last request: 0.000040 seconds.
  path: Assets/Animations/Idle.anim
  artifactKey: Guid(ef78758ec0a63da4789505d015993f3d) Importer(2089858483,b0f066a214c2f5e87bad3c948f4d605d)
Start importing Assets/Animations/Idle.anim using Guid(ef78758ec0a63da4789505d015993f3d) Importer(2089858483,b0f066a214c2f5e87bad3c948f4d605d) (ScriptedImporter) -> (artifact id: 'ba55b2f56b43e67054a92dc0951a80e0') in 0.0849559 seconds
Number of updated asset objects reloaded before import = 0Number of asset objects unloaded after import = 1

========================================================================
Received Import Request.
  Time since last request: 0.000047 seconds.
  path: Assets/Animations/Atk1.anim
  artifactKey: Guid(20e7172985f958846a83a3eec17b06a9) Importer(2089858483,b0f066a214c2f5e87bad3c948f4d605d)
Start importing Assets/Animations/Atk1.anim using Guid(20e7172985f958846a83a3eec17b06a9) Importer(2089858483,b0f066a214c2f5e87bad3c948f4d605d) (ScriptedImporter) -> (artifact id: 'd55e3b36be52c79e6a5e78f83bc120ba') in 0.0339872 seconds
Number of updated asset objects reloaded before import = 0Number of asset objects unloaded after import = 1

Editor requested this worker to shutdown with reason: Scaling down because of idle timeout
AssetImportWorker is now disconnected from the server
Process exiting
Exiting without the bug reporter. Application will terminate with return code 0